{
  "stats": {
    "suites": 1,
    "tests": 2,
    "passes": 2,
    "pending": 0,
    "failures": 0,
    "start": "2025-03-20T18:21:44.175Z",
    "end": "2025-03-20T18:22:07.205Z",
    "duration": 23030,
    "testsRegistered": 2,
    "passPercent": 100,
    "pendingPercent": 0,
    "other": 0,
    "hasOther": false,
    "skipped": 0,
    "hasSkipped": false
  },
  "results": [
    {
      "uuid": "bf444479-9db7-4f29-a6f1-22a2f7a8a7c7",
      "title": "",
      "fullFile": "",
      "file": "",
      "beforeHooks": [],
      "afterHooks": [],
      "tests": [],
      "suites": [
        {
          "uuid": "9d7ef51f-8bd3-4adb-b17e-4ca39deb8467",
          "title": "login",
          "fullFile": "C:\\Users\\qualidade2\\Documents\\GitHub\\automa--oCurso\\steps\\login_test.js",
          "file": "\\steps\\login_test.js",
          "beforeHooks": [
            {
              "title": "\"before all\" hook: codeceptjs.beforeSuite",
              "fullTitle": "login \"before all\" hook: codeceptjs.beforeSuite",
              "timedOut": false,
              "duration": 0,
              "state": null,
              "speed": null,
              "pass": false,
              "fail": false,
              "pending": false,
              "context": null,
              "code": "scenario.suiteSetup(suite)",
              "err": {},
              "uuid": "fbb47e1f-7cba-4b71-8097-b1aa6b688b9c",
              "parentUUID": "9d7ef51f-8bd3-4adb-b17e-4ca39deb8467",
              "isHook": true,
              "skipped": false
            },
            {
              "title": "\"before all\" hook: BeforeSuite",
              "fullTitle": "login \"before all\" hook: BeforeSuite",
              "timedOut": false,
              "duration": 0,
              "state": null,
              "speed": null,
              "pass": false,
              "fail": false,
              "pending": false,
              "context": null,
              "code": "console.log('Before Suite')",
              "err": {},
              "uuid": "4078826a-2b46-41f2-865e-8bd4297b8096",
              "parentUUID": "9d7ef51f-8bd3-4adb-b17e-4ca39deb8467",
              "isHook": true,
              "skipped": false
            },
            {
              "title": "\"before each\" hook: codeceptjs.before",
              "fullTitle": "login \"before each\" hook: codeceptjs.before",
              "timedOut": false,
              "duration": 6698,
              "state": null,
              "speed": null,
              "pass": false,
              "fail": false,
              "pending": false,
              "context": null,
              "code": "scenario.setup(suite)",
              "err": {},
              "uuid": "4afe2e29-cda1-4b3e-a87a-ab85f51d088e",
              "parentUUID": "9d7ef51f-8bd3-4adb-b17e-4ca39deb8467",
              "isHook": true,
              "skipped": false
            },
            {
              "title": "\"before each\" hook: Before",
              "fullTitle": "login \"before each\" hook: Before",
              "timedOut": false,
              "duration": 1,
              "state": null,
              "speed": null,
              "pass": false,
              "fail": false,
              "pending": false,
              "context": null,
              "code": "console.log('Before')",
              "err": {},
              "uuid": "679f32d6-b925-45f6-a5e2-cb9b4e5dd7c2",
              "parentUUID": "9d7ef51f-8bd3-4adb-b17e-4ca39deb8467",
              "isHook": true,
              "skipped": false
            }
          ],
          "afterHooks": [
            {
              "title": "\"after all\" hook: AfterSuite",
              "fullTitle": "login \"after all\" hook: AfterSuite",
              "timedOut": false,
              "duration": 1,
              "state": null,
              "speed": null,
              "pass": false,
              "fail": false,
              "pending": false,
              "context": null,
              "code": "console.log('After Suite')",
              "err": {},
              "uuid": "f6a6054f-005b-4376-b815-5d070c1c5f60",
              "parentUUID": "9d7ef51f-8bd3-4adb-b17e-4ca39deb8467",
              "isHook": true,
              "skipped": false
            },
            {
              "title": "\"after all\" hook: codeceptjs.afterSuite",
              "fullTitle": "login \"after all\" hook: codeceptjs.afterSuite",
              "timedOut": false,
              "duration": 0,
              "state": null,
              "speed": null,
              "pass": false,
              "fail": false,
              "pending": false,
              "context": null,
              "code": "scenario.suiteTeardown(suite)",
              "err": {},
              "uuid": "603de414-e509-46b5-a8cb-6cbe228c9164",
              "parentUUID": "9d7ef51f-8bd3-4adb-b17e-4ca39deb8467",
              "isHook": true,
              "skipped": false
            },
            {
              "title": "\"after each\" hook: After",
              "fullTitle": "login \"after each\" hook: After",
              "timedOut": false,
              "duration": 0,
              "state": null,
              "speed": null,
              "pass": false,
              "fail": false,
              "pending": false,
              "context": null,
              "code": "console.log('After')",
              "err": {},
              "uuid": "51ede90c-0328-4043-87de-448edcd03f3f",
              "parentUUID": "9d7ef51f-8bd3-4adb-b17e-4ca39deb8467",
              "isHook": true,
              "skipped": false
            },
            {
              "title": "\"after each\" hook: finalize codeceptjs",
              "fullTitle": "login \"after each\" hook: finalize codeceptjs",
              "timedOut": false,
              "duration": 233,
              "state": null,
              "speed": null,
              "pass": false,
              "fail": false,
              "pending": false,
              "context": null,
              "code": "scenario.teardown(suite)",
              "err": {},
              "uuid": "7d73ceff-da69-43db-9813-da1784a8f40e",
              "parentUUID": "9d7ef51f-8bd3-4adb-b17e-4ca39deb8467",
              "isHook": true,
              "skipped": false
            }
          ],
          "tests": [
            {
              "title": "Login with sucess",
              "fullTitle": "login: Login with sucess",
              "timedOut": false,
              "duration": 5184,
              "state": "passed",
              "speed": "slow",
              "pass": true,
              "fail": false,
              "pending": false,
              "context": null,
              "code": "login_page.doLogin('teste@teste.com', '123456')\n    \n   I.tap('~entrar')\n   home_page.checkLoginSucess()",
              "err": {},
              "uuid": "f4946f42-462d-45f1-b912-ec4909bfeeed",
              "parentUUID": "9d7ef51f-8bd3-4adb-b17e-4ca39deb8467",
              "isHook": false,
              "skipped": false
            },
            {
              "title": "Login with error",
              "fullTitle": "login: Login with error",
              "timedOut": false,
              "duration": 4187,
              "state": "passed",
              "speed": "slow",
              "pass": true,
              "fail": false,
              "pending": false,
              "context": null,
              "code": "login_page.doLogin('xteste@teste.com', '123456')\nI.tap('~entrar')\nlogin_page.ckeckLoginError()",
              "err": {},
              "uuid": "50b879e1-cb1f-4409-9a4b-d625a69b637c",
              "parentUUID": "9d7ef51f-8bd3-4adb-b17e-4ca39deb8467",
              "isHook": false,
              "skipped": false
            }
          ],
          "suites": [],
          "passes": [
            "f4946f42-462d-45f1-b912-ec4909bfeeed",
            "50b879e1-cb1f-4409-9a4b-d625a69b637c"
          ],
          "failures": [],
          "pending": [],
          "skipped": [],
          "duration": 9371,
          "root": false,
          "rootEmpty": false,
          "_timeout": 0
        }
      ],
      "passes": [],
      "failures": [],
      "pending": [],
      "skipped": [],
      "duration": 0,
      "root": true,
      "rootEmpty": true,
      "_timeout": 0
    }
  ],
  "meta": {
    "mocha": {
      "version": "8.4.0"
    },
    "mochawesome": {
      "options": {
        "quiet": false,
        "reportFilename": "mochawesome",
        "saveHtml": true,
        "saveJson": true,
        "consoleReporter": "spec",
        "useInlineDiffs": false,
        "code": true
      },
      "version": "6.3.1"
    },
    "marge": {
      "options": {},
      "version": "5.2.0"
    }
  }
}