{
  "stats": {
    "suites": 2,
    "tests": 3,
    "passes": 3,
    "pending": 0,
    "failures": 0,
    "start": "2025-03-24T17:57:15.997Z",
    "end": "2025-03-24T17:57:55.608Z",
    "duration": 39611,
    "testsRegistered": 3,
    "passPercent": 100,
    "pendingPercent": 0,
    "other": 0,
    "hasOther": false,
    "skipped": 0,
    "hasSkipped": false
  },
  "results": [
    {
      "uuid": "077e6eba-146b-436e-940a-26fdbec40ee9",
      "title": "",
      "fullFile": "",
      "file": "",
      "beforeHooks": [],
      "afterHooks": [],
      "tests": [],
      "suites": [
        {
          "uuid": "68304a2d-68cf-44a9-8931-e4145ac686ee",
          "title": "login",
          "fullFile": "C:\\Users\\qualidade2\\Documents\\GitHub\\automa--oCurso\\steps\\login_test.js",
          "file": "\\steps\\login_test.js",
          "beforeHooks": [
            {
              "title": "\"before all\" hook: codeceptjs.beforeSuite",
              "fullTitle": "login \"before all\" hook: codeceptjs.beforeSuite",
              "timedOut": false,
              "duration": 0,
              "state": null,
              "speed": null,
              "pass": false,
              "fail": false,
              "pending": false,
              "context": null,
              "code": "scenario.suiteSetup(suite)",
              "err": {},
              "uuid": "4d6f770e-07c8-4d89-bfe9-300a9dcbea3e",
              "parentUUID": "68304a2d-68cf-44a9-8931-e4145ac686ee",
              "isHook": true,
              "skipped": false
            },
            {
              "title": "\"before all\" hook: BeforeSuite",
              "fullTitle": "login \"before all\" hook: BeforeSuite",
              "timedOut": false,
              "duration": 0,
              "state": null,
              "speed": null,
              "pass": false,
              "fail": false,
              "pending": false,
              "context": null,
              "code": "//execução antes dos testes\n  console.log('Before Suite')",
              "err": {},
              "uuid": "846f2a5a-dff0-42fb-9cd5-a06151142e6a",
              "parentUUID": "68304a2d-68cf-44a9-8931-e4145ac686ee",
              "isHook": true,
              "skipped": false
            },
            {
              "title": "\"before each\" hook: codeceptjs.before",
              "fullTitle": "login \"before each\" hook: codeceptjs.before",
              "timedOut": false,
              "duration": 6725,
              "state": null,
              "speed": null,
              "pass": false,
              "fail": false,
              "pending": false,
              "context": null,
              "code": "scenario.setup(suite)",
              "err": {},
              "uuid": "815bae89-9bab-45f4-b842-d854f025041f",
              "parentUUID": "68304a2d-68cf-44a9-8931-e4145ac686ee",
              "isHook": true,
              "skipped": false
            },
            {
              "title": "\"before each\" hook: Before",
              "fullTitle": "login \"before each\" hook: Before",
              "timedOut": false,
              "duration": 1,
              "state": null,
              "speed": null,
              "pass": false,
              "fail": false,
              "pending": false,
              "context": null,
              "code": "console.log('Before')",
              "err": {},
              "uuid": "69b29200-f180-407f-a17a-975119ecf121",
              "parentUUID": "68304a2d-68cf-44a9-8931-e4145ac686ee",
              "isHook": true,
              "skipped": false
            }
          ],
          "afterHooks": [
            {
              "title": "\"after all\" hook: AfterSuite",
              "fullTitle": "login \"after all\" hook: AfterSuite",
              "timedOut": false,
              "duration": 0,
              "state": null,
              "speed": null,
              "pass": false,
              "fail": false,
              "pending": false,
              "context": null,
              "code": "//execução depois dos testes\n console.log('After Suite')",
              "err": {},
              "uuid": "cd979075-8b56-496f-a77f-fe19ddb4b6c3",
              "parentUUID": "68304a2d-68cf-44a9-8931-e4145ac686ee",
              "isHook": true,
              "skipped": false
            },
            {
              "title": "\"after all\" hook: codeceptjs.afterSuite",
              "fullTitle": "login \"after all\" hook: codeceptjs.afterSuite",
              "timedOut": false,
              "duration": 0,
              "state": null,
              "speed": null,
              "pass": false,
              "fail": false,
              "pending": false,
              "context": null,
              "code": "scenario.suiteTeardown(suite)",
              "err": {},
              "uuid": "8864309b-4216-4502-ac0a-c36332250c40",
              "parentUUID": "68304a2d-68cf-44a9-8931-e4145ac686ee",
              "isHook": true,
              "skipped": false
            },
            {
              "title": "\"after each\" hook: After",
              "fullTitle": "login \"after each\" hook: After",
              "timedOut": false,
              "duration": 0,
              "state": null,
              "speed": null,
              "pass": false,
              "fail": false,
              "pending": false,
              "context": null,
              "code": "console.log('After')",
              "err": {},
              "uuid": "3d01211a-f49d-4541-a821-0e95b7bb8faa",
              "parentUUID": "68304a2d-68cf-44a9-8931-e4145ac686ee",
              "isHook": true,
              "skipped": false
            },
            {
              "title": "\"after each\" hook: finalize codeceptjs",
              "fullTitle": "login \"after each\" hook: finalize codeceptjs",
              "timedOut": false,
              "duration": 221,
              "state": null,
              "speed": null,
              "pass": false,
              "fail": false,
              "pending": false,
              "context": null,
              "code": "scenario.teardown(suite)",
              "err": {},
              "uuid": "251b4e16-c92e-4298-a38f-c1d8cdc45348",
              "parentUUID": "68304a2d-68cf-44a9-8931-e4145ac686ee",
              "isHook": true,
              "skipped": false
            }
          ],
          "tests": [
            {
              "title": "Login with sucess",
              "fullTitle": "login: Login with sucess",
              "timedOut": false,
              "duration": 4916,
              "state": "passed",
              "speed": "slow",
              "pass": true,
              "fail": false,
              "pending": false,
              "context": null,
              "code": "//login com sucesso\n  I.runOnAndroid(() => {\n     console.log('Estou no Android')\n  }),\n  login_page.doLogin('teste@teste.com', '123456')\n   \n  I.tap('~entrar')\n  home_page.checkLoginSucess()",
              "err": {},
              "uuid": "e2b77b95-0630-445a-9e18-54e1ec3f690d",
              "parentUUID": "68304a2d-68cf-44a9-8931-e4145ac686ee",
              "isHook": false,
              "skipped": false
            },
            {
              "title": "Login with error",
              "fullTitle": "login: Login with error",
              "timedOut": false,
              "duration": 4414,
              "state": "passed",
              "speed": "slow",
              "pass": true,
              "fail": false,
              "pending": false,
              "context": null,
              "code": "//login com erro\n  login_page.doLogin('xteste@teste.com', '123456')\n  I.tap('~entrar')\n  login_page.ckeckLoginError()",
              "err": {},
              "uuid": "9288e714-0c57-42d2-b086-634c15335a84",
              "parentUUID": "68304a2d-68cf-44a9-8931-e4145ac686ee",
              "isHook": false,
              "skipped": false
            }
          ],
          "suites": [],
          "passes": [
            "e2b77b95-0630-445a-9e18-54e1ec3f690d",
            "9288e714-0c57-42d2-b086-634c15335a84"
          ],
          "failures": [],
          "pending": [],
          "skipped": [],
          "duration": 9330,
          "root": false,
          "rootEmpty": false,
          "_timeout": 0
        },
        {
          "uuid": "13323c44-945e-4d17-9252-43ba2c7a92ee",
          "title": "Students",
          "fullFile": "C:\\Users\\qualidade2\\Documents\\GitHub\\automa--oCurso\\steps\\students_test.js",
          "file": "\\steps\\students_test.js",
          "beforeHooks": [
            {
              "title": "\"before all\" hook: codeceptjs.beforeSuite",
              "fullTitle": "Students \"before all\" hook: codeceptjs.beforeSuite",
              "timedOut": false,
              "duration": 0,
              "state": null,
              "speed": null,
              "pass": false,
              "fail": false,
              "pending": false,
              "context": null,
              "code": "scenario.suiteSetup(suite)",
              "err": {},
              "uuid": "0f3e244e-2158-456b-9810-418ba4212743",
              "parentUUID": "13323c44-945e-4d17-9252-43ba2c7a92ee",
              "isHook": true,
              "skipped": false
            },
            {
              "title": "\"before each\" hook: codeceptjs.before",
              "fullTitle": "Students \"before each\" hook: codeceptjs.before",
              "timedOut": false,
              "duration": 6505,
              "state": null,
              "speed": null,
              "pass": false,
              "fail": false,
              "pending": false,
              "context": null,
              "code": "scenario.setup(suite)",
              "err": {},
              "uuid": "c72ad6e7-4005-4557-afb2-6d71c366f489",
              "parentUUID": "13323c44-945e-4d17-9252-43ba2c7a92ee",
              "isHook": true,
              "skipped": false
            }
          ],
          "afterHooks": [
            {
              "title": "\"after all\" hook: codeceptjs.afterSuite",
              "fullTitle": "Students \"after all\" hook: codeceptjs.afterSuite",
              "timedOut": false,
              "duration": 0,
              "state": null,
              "speed": null,
              "pass": false,
              "fail": false,
              "pending": false,
              "context": null,
              "code": "scenario.suiteTeardown(suite)",
              "err": {},
              "uuid": "2978c488-3321-473a-bae6-40026f9e16cc",
              "parentUUID": "13323c44-945e-4d17-9252-43ba2c7a92ee",
              "isHook": true,
              "skipped": false
            },
            {
              "title": "\"after each\" hook: finalize codeceptjs",
              "fullTitle": "Students \"after each\" hook: finalize codeceptjs",
              "timedOut": false,
              "duration": 213,
              "state": null,
              "speed": null,
              "pass": false,
              "fail": false,
              "pending": false,
              "context": null,
              "code": "scenario.teardown(suite)",
              "err": {},
              "uuid": "5988235f-93b9-40cf-85d4-d1f3a0d6bef7",
              "parentUUID": "13323c44-945e-4d17-9252-43ba2c7a92ee",
              "isHook": true,
              "skipped": false
            }
          ],
          "tests": [
            {
              "title": "Add student with success",
              "fullTitle": "Students: Add student with success",
              "timedOut": false,
              "duration": 9177,
              "state": "passed",
              "speed": "slow",
              "pass": true,
              "fail": false,
              "pending": false,
              "context": null,
              "code": "const code = '5050'\n    const name = 'Maria Eduarda'\n    login_page.doLogin('teste@teste.com', '123456')\n    home_page.registerStudent(code, name)\n    home_page.searchStudent(name, code)",
              "err": {},
              "uuid": "bf854893-5a50-441d-807a-f5d8c4fa86c6",
              "parentUUID": "13323c44-945e-4d17-9252-43ba2c7a92ee",
              "isHook": false,
              "skipped": false
            }
          ],
          "suites": [],
          "passes": [
            "bf854893-5a50-441d-807a-f5d8c4fa86c6"
          ],
          "failures": [],
          "pending": [],
          "skipped": [],
          "duration": 9177,
          "root": false,
          "rootEmpty": false,
          "_timeout": 0
        }
      ],
      "passes": [],
      "failures": [],
      "pending": [],
      "skipped": [],
      "duration": 0,
      "root": true,
      "rootEmpty": true,
      "_timeout": 0
    }
  ],
  "meta": {
    "mocha": {
      "version": "8.4.0"
    },
    "mochawesome": {
      "options": {
        "quiet": false,
        "reportFilename": "mochawesome",
        "saveHtml": true,
        "saveJson": true,
        "consoleReporter": "spec",
        "useInlineDiffs": false,
        "code": true
      },
      "version": "6.3.1"
    },
    "marge": {
      "options": {},
      "version": "5.2.0"
    }
  }
}